[debug] [2021-04-27T20:19:46.124Z] ----------------------------------------------------------------------
[debug] [2021-04-27T20:19:46.126Z] Command:       C:\Program Files\nodejs\node.exe C:\Users\Tvw00\AppData\Roaming\npm\node_modules\firebase-tools\lib\bin\firebase.js serve
[debug] [2021-04-27T20:19:46.127Z] CLI Version:   9.8.0
[debug] [2021-04-27T20:19:46.127Z] Platform:      win32
[debug] [2021-04-27T20:19:46.127Z] Node Version:  v14.15.5
[debug] [2021-04-27T20:19:46.128Z] Time:          Tue Apr 27 2021 15:19:46 GMT-0500 (Central Daylight Time)
[debug] [2021-04-27T20:19:46.128Z] ----------------------------------------------------------------------
[debug] 
[debug] [2021-04-27T20:19:46.139Z] > command requires scopes: ["email","openid","https://www.googleapis.com/auth/cloudplatformprojects.readonly","https://www.googleapis.com/auth/firebase","https://www.googleapis.com/auth/cloud-platform"]
[debug] [2021-04-27T20:19:46.140Z] > authorizing via signed-in user
[debug] [2021-04-27T20:19:46.140Z] [iam] checking project deadline-17bb4 for permissions ["firebase.projects.get"]
[debug] [2021-04-27T20:19:46.143Z] > refreshing access token with scopes: ["email","https://www.googleapis.com/auth/cloud-platform","https://www.googleapis.com/auth/cloudplatformprojects.readonly","https://www.googleapis.com/auth/firebase","openid"]
[debug] [2021-04-27T20:19:46.144Z] >>> HTTP REQUEST POST https://www.googleapis.com/oauth2/v3/token  
 <request body omitted>
[debug] [2021-04-27T20:19:46.447Z] <<< HTTP RESPONSE 200 {"cache-control":"no-cache, no-store, max-age=0, must-revalidate","expires":"Mon, 01 Jan 1990 00:00:00 GMT","date":"Tue, 27 Apr 2021 20:20:15 GMT","pragma":"no-cache","content-type":"application/json; charset=utf-8","vary":"X-Origin, Referer, Origin,Accept-Encoding","server":"scaffolding on HTTPServer2","x-xss-protection":"0","x-frame-options":"SAMEORIGIN","x-content-type-options":"nosniff","alt-svc":"h3-29=\":443\"; ma=2592000,h3-T051=\":443\"; ma=2592000,h3-Q050=\":443\"; ma=2592000,h3-Q046=\":443\"; ma=2592000,h3-Q043=\":443\"; ma=2592000,quic=\":443\"; ma=2592000; v=\"46,43\"","accept-ranges":"none","transfer-encoding":"chunked"}
[debug] [2021-04-27T20:19:46.454Z] >>> HTTP REQUEST POST https://cloudresourcemanager.googleapis.com/v1/projects/deadline-17bb4:testIamPermissions  
 {"permissions":["firebase.projects.get"]}
[debug] [2021-04-27T20:19:46.713Z] <<< HTTP RESPONSE 200 {"content-type":"application/json; charset=UTF-8","vary":"X-Origin, Referer, Origin,Accept-Encoding","date":"Tue, 27 Apr 2021 20:20:15 GMT","server":"ESF","cache-control":"private","x-xss-protection":"0","x-frame-options":"SAMEORIGIN","x-content-type-options":"nosniff","server-timing":"gfet4t7; dur=76","alt-svc":"h3-29=\":443\"; ma=2592000,h3-T051=\":443\"; ma=2592000,h3-Q050=\":443\"; ma=2592000,h3-Q046=\":443\"; ma=2592000,h3-Q043=\":443\"; ma=2592000,quic=\":443\"; ma=2592000; v=\"46,43\"","accept-ranges":"none","transfer-encoding":"chunked"}
[debug] [2021-04-27T20:19:46.715Z] > refreshing access token with scopes: []
[debug] [2021-04-27T20:19:46.715Z] >>> HTTP REQUEST POST https://www.googleapis.com/oauth2/v3/token  
 <request body omitted>
[debug] [2021-04-27T20:19:46.959Z] <<< HTTP RESPONSE 200 {"expires":"Mon, 01 Jan 1990 00:00:00 GMT","pragma":"no-cache","date":"Tue, 27 Apr 2021 20:20:15 GMT","cache-control":"no-cache, no-store, max-age=0, must-revalidate","content-type":"application/json; charset=utf-8","vary":"X-Origin, Referer, Origin,Accept-Encoding","server":"scaffolding on HTTPServer2","x-xss-protection":"0","x-frame-options":"SAMEORIGIN","x-content-type-options":"nosniff","alt-svc":"h3-29=\":443\"; ma=2592000,h3-T051=\":443\"; ma=2592000,h3-Q050=\":443\"; ma=2592000,h3-Q046=\":443\"; ma=2592000,h3-Q043=\":443\"; ma=2592000,quic=\":443\"; ma=2592000; v=\"46,43\"","accept-ranges":"none","transfer-encoding":"chunked"}
[debug] [2021-04-27T20:19:46.963Z] >>> [apiv2][query] GET https://firebase.googleapis.com/v1beta1/projects/deadline-17bb4 [none]
[debug] [2021-04-27T20:19:47.351Z] <<< [apiv2][status] GET https://firebase.googleapis.com/v1beta1/projects/deadline-17bb4 200
[debug] [2021-04-27T20:19:47.351Z] <<< [apiv2][body] GET https://firebase.googleapis.com/v1beta1/projects/deadline-17bb4 {"projectId":"deadline-17bb4","projectNumber":"14443229871","displayName":"Deadline","name":"projects/deadline-17bb4","resources":{"hostingSite":"deadline-17bb4","realtimeDatabaseInstance":"deadline-17bb4-default-rtdb","storageBucket":"deadline-17bb4.appspot.com","locationId":"us-central"},"state":"ACTIVE"}
[info] 
[info] === Serving from 'C:\Users\Tvw00\Deadline'...
[info] 
[warn] !  Your requested "node" version "12" doesn't match your global version "14" {"metadata":{"emulator":{"name":"functions"},"message":"Your requested \"node\" version \"12\" doesn't match your global version \"14\""}}
[debug] [2021-04-27T20:19:47.362Z] defaultcredentials: writing to file C:\Users\Tvw00\AppData\Roaming\firebase\teavwashington_gmail_com_application_default_credentials.json
[debug] [2021-04-27T20:19:47.363Z] Setting GAC to C:\Users\Tvw00\AppData\Roaming\firebase\teavwashington_gmail_com_application_default_credentials.json {"metadata":{"emulator":{"name":"functions"},"message":"Setting GAC to C:\\Users\\Tvw00\\AppData\\Roaming\\firebase\\teavwashington_gmail_com_application_default_credentials.json"}}
[debug] [2021-04-27T20:19:47.364Z] >>> [apiv2][query] GET https://firebase.googleapis.com/v1beta1/projects/deadline-17bb4/adminSdkConfig [none]
[debug] [2021-04-27T20:19:47.892Z] <<< [apiv2][status] GET https://firebase.googleapis.com/v1beta1/projects/deadline-17bb4/adminSdkConfig 200
[debug] [2021-04-27T20:19:47.892Z] <<< [apiv2][body] GET https://firebase.googleapis.com/v1beta1/projects/deadline-17bb4/adminSdkConfig {"projectId":"deadline-17bb4","databaseURL":"https://deadline-17bb4-default-rtdb.firebaseio.com","storageBucket":"deadline-17bb4.appspot.com","locationId":"us-central"}
[info] i  functions: Watching "C:\Users\Tvw00\Deadline\functions" for Cloud Functions... {"metadata":{"emulator":{"name":"functions"},"message":"Watching \"C:\\Users\\Tvw00\\Deadline\\functions\" for Cloud Functions..."}}
[debug] [2021-04-27T20:19:47.913Z] [worker-pool] addWorker(~diagnostic~) {"metadata":{"emulator":{"name":"functions"},"message":"[worker-pool] addWorker(~diagnostic~)"}}
[debug] [2021-04-27T20:19:47.914Z] [worker-pool] Adding worker with key ~diagnostic~, total=1 {"metadata":{"emulator":{"name":"functions"},"message":"[worker-pool] Adding worker with key ~diagnostic~, total=1"}}
[debug] [2021-04-27T20:19:47.914Z] [worker-pool] submitWork(triggerId=) {"metadata":{"emulator":{"name":"functions"},"message":"[worker-pool] submitWork(triggerId=)"}}
[debug] [2021-04-27T20:19:47.914Z] [worker-~diagnostic~-f8a7445b-8b9d-4d96-bdad-1fc60d2f11b5]: Assigning socketPath: \\?\pipe\C:\Users\Tvw00\Deadline\functions\2516 {"metadata":{"emulator":{"name":"functions"},"message":"[worker-~diagnostic~-f8a7445b-8b9d-4d96-bdad-1fc60d2f11b5]: Assigning socketPath: \\\\?\\pipe\\C:\\Users\\Tvw00\\Deadline\\functions\\2516"}}
[debug] [2021-04-27T20:19:47.915Z] [worker-~diagnostic~-f8a7445b-8b9d-4d96-bdad-1fc60d2f11b5]: BUSY {"metadata":{"emulator":{"name":"functions"},"message":"[worker-~diagnostic~-f8a7445b-8b9d-4d96-bdad-1fc60d2f11b5]: BUSY"}}
[debug] [2021-04-27T20:19:48.148Z] [runtime-status] [2516] Functions runtime initialized. {"cwd":"C:\\Users\\Tvw00\\Deadline\\functions","node_version":"14.15.5"} {"metadata":{"emulator":{"name":"functions"},"message":"[runtime-status] [2516] Functions runtime initialized. {\"cwd\":\"C:\\\\Users\\\\Tvw00\\\\Deadline\\\\functions\",\"node_version\":\"14.15.5\"}"}}
[debug] [2021-04-27T20:19:48.149Z] [runtime-status] [2516] Disabled runtime features: undefined {"metadata":{"emulator":{"name":"functions"},"message":"[runtime-status] [2516] Disabled runtime features: undefined"}}
[debug] [2021-04-27T20:19:48.152Z] [runtime-status] [2516] Resolved module firebase-admin {"declared":true,"installed":true,"version":"9.5.0","resolution":"C:\\Users\\Tvw00\\Deadline\\functions\\node_modules\\firebase-admin\\lib\\index.js"} {"metadata":{"emulator":{"name":"functions"},"message":"[runtime-status] [2516] Resolved module firebase-admin {\"declared\":true,\"installed\":true,\"version\":\"9.5.0\",\"resolution\":\"C:\\\\Users\\\\Tvw00\\\\Deadline\\\\functions\\\\node_modules\\\\firebase-admin\\\\lib\\\\index.js\"}"}}
[debug] [2021-04-27T20:19:48.154Z] [runtime-status] [2516] Resolved module firebase-functions {"declared":true,"installed":true,"version":"3.13.2","resolution":"C:\\Users\\Tvw00\\Deadline\\functions\\node_modules\\firebase-functions\\lib\\index.js"} {"metadata":{"emulator":{"name":"functions"},"message":"[runtime-status] [2516] Resolved module firebase-functions {\"declared\":true,\"installed\":true,\"version\":\"3.13.2\",\"resolution\":\"C:\\\\Users\\\\Tvw00\\\\Deadline\\\\functions\\\\node_modules\\\\firebase-functions\\\\lib\\\\index.js\"}"}}
[debug] [2021-04-27T20:19:48.155Z] [runtime-status] [2516] Resolved module firebase-functions {"declared":true,"installed":true,"version":"3.13.2","resolution":"C:\\Users\\Tvw00\\Deadline\\functions\\node_modules\\firebase-functions\\lib\\index.js"} {"metadata":{"emulator":{"name":"functions"},"message":"[runtime-status] [2516] Resolved module firebase-functions {\"declared\":true,\"installed\":true,\"version\":\"3.13.2\",\"resolution\":\"C:\\\\Users\\\\Tvw00\\\\Deadline\\\\functions\\\\node_modules\\\\firebase-functions\\\\lib\\\\index.js\"}"}}
[debug] [2021-04-27T20:19:48.157Z] [runtime-status] [2516] Outgoing network have been stubbed. [{"name":"http","status":"mocked"},{"name":"http","status":"mocked"},{"name":"https","status":"mocked"},{"name":"https","status":"mocked"},{"name":"net","status":"mocked"}] {"metadata":{"emulator":{"name":"functions"},"message":"[runtime-status] [2516] Outgoing network have been stubbed. [{\"name\":\"http\",\"status\":\"mocked\"},{\"name\":\"http\",\"status\":\"mocked\"},{\"name\":\"https\",\"status\":\"mocked\"},{\"name\":\"https\",\"status\":\"mocked\"},{\"name\":\"net\",\"status\":\"mocked\"}]"}}
[debug] [2021-04-27T20:19:48.157Z] [runtime-status] [2516] Resolved module firebase-functions {"declared":true,"installed":true,"version":"3.13.2","resolution":"C:\\Users\\Tvw00\\Deadline\\functions\\node_modules\\firebase-functions\\lib\\index.js"} {"metadata":{"emulator":{"name":"functions"},"message":"[runtime-status] [2516] Resolved module firebase-functions {\"declared\":true,\"installed\":true,\"version\":\"3.13.2\",\"resolution\":\"C:\\\\Users\\\\Tvw00\\\\Deadline\\\\functions\\\\node_modules\\\\firebase-functions\\\\lib\\\\index.js\"}"}}
[debug] [2021-04-27T20:19:48.223Z] [runtime-status] [2516] Checked functions.config() {"config":{}} {"metadata":{"emulator":{"name":"functions"},"message":"[runtime-status] [2516] Checked functions.config() {\"config\":{}}"}}
[debug] [2021-04-27T20:19:48.223Z] [runtime-status] [2516] firebase-functions has been stubbed. {"functionsResolution":{"declared":true,"installed":true,"version":"3.13.2","resolution":"C:\\Users\\Tvw00\\Deadline\\functions\\node_modules\\firebase-functions\\lib\\index.js"}} {"metadata":{"emulator":{"name":"functions"},"message":"[runtime-status] [2516] firebase-functions has been stubbed. {\"functionsResolution\":{\"declared\":true,\"installed\":true,\"version\":\"3.13.2\",\"resolution\":\"C:\\\\Users\\\\Tvw00\\\\Deadline\\\\functions\\\\node_modules\\\\firebase-functions\\\\lib\\\\index.js\"}}"}}
[debug] [2021-04-27T20:19:48.223Z] [runtime-status] [2516] Resolved module firebase-functions {"declared":true,"installed":true,"version":"3.13.2","resolution":"C:\\Users\\Tvw00\\Deadline\\functions\\node_modules\\firebase-functions\\lib\\index.js"} {"metadata":{"emulator":{"name":"functions"},"message":"[runtime-status] [2516] Resolved module firebase-functions {\"declared\":true,\"installed\":true,\"version\":\"3.13.2\",\"resolution\":\"C:\\\\Users\\\\Tvw00\\\\Deadline\\\\functions\\\\node_modules\\\\firebase-functions\\\\lib\\\\index.js\"}"}}
[debug] [2021-04-27T20:19:48.227Z] [runtime-status] [2516] Resolved module firebase-admin {"declared":true,"installed":true,"version":"9.5.0","resolution":"C:\\Users\\Tvw00\\Deadline\\functions\\node_modules\\firebase-admin\\lib\\index.js"} {"metadata":{"emulator":{"name":"functions"},"message":"[runtime-status] [2516] Resolved module firebase-admin {\"declared\":true,\"installed\":true,\"version\":\"9.5.0\",\"resolution\":\"C:\\\\Users\\\\Tvw00\\\\Deadline\\\\functions\\\\node_modules\\\\firebase-admin\\\\lib\\\\index.js\"}"}}
[debug] [2021-04-27T20:19:48.228Z] [runtime-status] [2516] Resolved module firebase-functions {"declared":true,"installed":true,"version":"3.13.2","resolution":"C:\\Users\\Tvw00\\Deadline\\functions\\node_modules\\firebase-functions\\lib\\index.js"} {"metadata":{"emulator":{"name":"functions"},"message":"[runtime-status] [2516] Resolved module firebase-functions {\"declared\":true,\"installed\":true,\"version\":\"3.13.2\",\"resolution\":\"C:\\\\Users\\\\Tvw00\\\\Deadline\\\\functions\\\\node_modules\\\\firebase-functions\\\\lib\\\\index.js\"}"}}
[debug] [2021-04-27T20:19:48.228Z] [runtime-status] [2516] firebase-admin has been stubbed. {"adminResolution":{"declared":true,"installed":true,"version":"9.5.0","resolution":"C:\\Users\\Tvw00\\Deadline\\functions\\node_modules\\firebase-admin\\lib\\index.js"}} {"metadata":{"emulator":{"name":"functions"},"message":"[runtime-status] [2516] firebase-admin has been stubbed. {\"adminResolution\":{\"declared\":true,\"installed\":true,\"version\":\"9.5.0\",\"resolution\":\"C:\\\\Users\\\\Tvw00\\\\Deadline\\\\functions\\\\node_modules\\\\firebase-admin\\\\lib\\\\index.js\"}}"}}
[debug] [2021-04-27T20:19:48.431Z] [runtime-status] [2516] initializeApp(DEFAULT) {"storageBucket":"deadline-17bb4.appspot.com","databaseURL":"https://deadline-17bb4-default-rtdb.firebaseio.com","projectId":"deadline-17bb4"} {"metadata":{"emulator":{"name":"functions"},"message":"[runtime-status] [2516] initializeApp(DEFAULT) {\"storageBucket\":\"deadline-17bb4.appspot.com\",\"databaseURL\":\"https://deadline-17bb4-default-rtdb.firebaseio.com\",\"projectId\":\"deadline-17bb4\"}"}}
[warn] !  functions: The Cloud Firestore emulator is not running, so calls to Firestore will affect production. {"metadata":{"emulator":{"name":"functions"},"message":"The Cloud Firestore emulator is not running, so calls to Firestore will affect production."}}
[info] +  functions[api]: http function initialized (http://localhost:5000/deadline-17bb4/us-central1/api). {"metadata":{"emulator":{"name":"functions"},"message":"\u001b[1mhttp\u001b[22m function initialized (http://localhost:5000/deadline-17bb4/us-central1/api)."}}
[debug] [2021-04-27T20:19:49.197Z] [worker-~diagnostic~-f8a7445b-8b9d-4d96-bdad-1fc60d2f11b5]: IDLE {"metadata":{"emulator":{"name":"functions"},"message":"[worker-~diagnostic~-f8a7445b-8b9d-4d96-bdad-1fc60d2f11b5]: IDLE"}}
[debug] [2021-04-27T20:19:54.111Z] [work-queue] {"queueLength":1,"workRunningCount":0}
[debug] [2021-04-27T20:19:54.112Z] [work-queue] {"queueLength":0,"workRunningCount":1}
[debug] [2021-04-27T20:19:54.112Z] Accepted request GET /deadline-17bb4/us-central1/api/projects --> api
[debug] [2021-04-27T20:19:54.117Z] [worker-pool] addWorker(api) {"metadata":{"emulator":{"name":"functions"},"message":"[worker-pool] addWorker(api)"}}
[debug] [2021-04-27T20:19:54.118Z] [worker-pool] Adding worker with key api, total=1 {"metadata":{"emulator":{"name":"functions"},"message":"[worker-pool] Adding worker with key api, total=1"}}
[debug] [2021-04-27T20:19:54.118Z] [worker-pool] submitWork(triggerId=api) {"metadata":{"emulator":{"name":"functions"},"message":"[worker-pool] submitWork(triggerId=api)"}}
[debug] [2021-04-27T20:19:54.118Z] [worker-api-b9decaf6-70f0-4d26-b7fb-9e11704c4d51]: Assigning socketPath: \\?\pipe\C:\Users\Tvw00\Deadline\functions\1196 {"metadata":{"emulator":{"name":"functions"},"message":"[worker-api-b9decaf6-70f0-4d26-b7fb-9e11704c4d51]: Assigning socketPath: \\\\?\\pipe\\C:\\Users\\Tvw00\\Deadline\\functions\\1196"}}
[debug] [2021-04-27T20:19:54.118Z] [worker-api-b9decaf6-70f0-4d26-b7fb-9e11704c4d51]: BUSY {"metadata":{"emulator":{"name":"functions"},"message":"[worker-api-b9decaf6-70f0-4d26-b7fb-9e11704c4d51]: BUSY"}}
[debug] [2021-04-27T20:19:54.468Z] [runtime-status] [1196] Functions runtime initialized. {"cwd":"C:\\Users\\Tvw00\\Deadline\\functions","node_version":"14.15.5"} {"metadata":{"emulator":{"name":"functions"},"function":{"name":"api"},"message":"[runtime-status] [1196] Functions runtime initialized. {\"cwd\":\"C:\\\\Users\\\\Tvw00\\\\Deadline\\\\functions\",\"node_version\":\"14.15.5\"}"}}
[debug] [2021-04-27T20:19:54.472Z] [runtime-status] [1196] Disabled runtime features: undefined {"metadata":{"emulator":{"name":"functions"},"function":{"name":"api"},"message":"[runtime-status] [1196] Disabled runtime features: undefined"}}
[debug] [2021-04-27T20:19:54.479Z] [runtime-status] [1196] Resolved module firebase-admin {"declared":true,"installed":true,"version":"9.5.0","resolution":"C:\\Users\\Tvw00\\Deadline\\functions\\node_modules\\firebase-admin\\lib\\index.js"} {"metadata":{"emulator":{"name":"functions"},"function":{"name":"api"},"message":"[runtime-status] [1196] Resolved module firebase-admin {\"declared\":true,\"installed\":true,\"version\":\"9.5.0\",\"resolution\":\"C:\\\\Users\\\\Tvw00\\\\Deadline\\\\functions\\\\node_modules\\\\firebase-admin\\\\lib\\\\index.js\"}"}}
[debug] [2021-04-27T20:19:54.483Z] [runtime-status] [1196] Resolved module firebase-functions {"declared":true,"installed":true,"version":"3.13.2","resolution":"C:\\Users\\Tvw00\\Deadline\\functions\\node_modules\\firebase-functions\\lib\\index.js"} {"metadata":{"emulator":{"name":"functions"},"function":{"name":"api"},"message":"[runtime-status] [1196] Resolved module firebase-functions {\"declared\":true,\"installed\":true,\"version\":\"3.13.2\",\"resolution\":\"C:\\\\Users\\\\Tvw00\\\\Deadline\\\\functions\\\\node_modules\\\\firebase-functions\\\\lib\\\\index.js\"}"}}
[debug] [2021-04-27T20:19:54.486Z] [runtime-status] [1196] Resolved module firebase-functions {"declared":true,"installed":true,"version":"3.13.2","resolution":"C:\\Users\\Tvw00\\Deadline\\functions\\node_modules\\firebase-functions\\lib\\index.js"} {"metadata":{"emulator":{"name":"functions"},"function":{"name":"api"},"message":"[runtime-status] [1196] Resolved module firebase-functions {\"declared\":true,\"installed\":true,\"version\":\"3.13.2\",\"resolution\":\"C:\\\\Users\\\\Tvw00\\\\Deadline\\\\functions\\\\node_modules\\\\firebase-functions\\\\lib\\\\index.js\"}"}}
[debug] [2021-04-27T20:19:54.488Z] [runtime-status] [1196] Outgoing network have been stubbed. [{"name":"http","status":"mocked"},{"name":"http","status":"mocked"},{"name":"https","status":"mocked"},{"name":"https","status":"mocked"},{"name":"net","status":"mocked"}] {"metadata":{"emulator":{"name":"functions"},"function":{"name":"api"},"message":"[runtime-status] [1196] Outgoing network have been stubbed. [{\"name\":\"http\",\"status\":\"mocked\"},{\"name\":\"http\",\"status\":\"mocked\"},{\"name\":\"https\",\"status\":\"mocked\"},{\"name\":\"https\",\"status\":\"mocked\"},{\"name\":\"net\",\"status\":\"mocked\"}]"}}
[debug] [2021-04-27T20:19:54.489Z] [runtime-status] [1196] Resolved module firebase-functions {"declared":true,"installed":true,"version":"3.13.2","resolution":"C:\\Users\\Tvw00\\Deadline\\functions\\node_modules\\firebase-functions\\lib\\index.js"} {"metadata":{"emulator":{"name":"functions"},"function":{"name":"api"},"message":"[runtime-status] [1196] Resolved module firebase-functions {\"declared\":true,\"installed\":true,\"version\":\"3.13.2\",\"resolution\":\"C:\\\\Users\\\\Tvw00\\\\Deadline\\\\functions\\\\node_modules\\\\firebase-functions\\\\lib\\\\index.js\"}"}}
[debug] [2021-04-27T20:19:54.553Z] [runtime-status] [1196] Checked functions.config() {"config":{}} {"metadata":{"emulator":{"name":"functions"},"function":{"name":"api"},"message":"[runtime-status] [1196] Checked functions.config() {\"config\":{}}"}}
[debug] [2021-04-27T20:19:54.553Z] [runtime-status] [1196] firebase-functions has been stubbed. {"functionsResolution":{"declared":true,"installed":true,"version":"3.13.2","resolution":"C:\\Users\\Tvw00\\Deadline\\functions\\node_modules\\firebase-functions\\lib\\index.js"}} {"metadata":{"emulator":{"name":"functions"},"function":{"name":"api"},"message":"[runtime-status] [1196] firebase-functions has been stubbed. {\"functionsResolution\":{\"declared\":true,\"installed\":true,\"version\":\"3.13.2\",\"resolution\":\"C:\\\\Users\\\\Tvw00\\\\Deadline\\\\functions\\\\node_modules\\\\firebase-functions\\\\lib\\\\index.js\"}}"}}
[debug] [2021-04-27T20:19:54.554Z] [runtime-status] [1196] Resolved module firebase-functions {"declared":true,"installed":true,"version":"3.13.2","resolution":"C:\\Users\\Tvw00\\Deadline\\functions\\node_modules\\firebase-functions\\lib\\index.js"} {"metadata":{"emulator":{"name":"functions"},"function":{"name":"api"},"message":"[runtime-status] [1196] Resolved module firebase-functions {\"declared\":true,\"installed\":true,\"version\":\"3.13.2\",\"resolution\":\"C:\\\\Users\\\\Tvw00\\\\Deadline\\\\functions\\\\node_modules\\\\firebase-functions\\\\lib\\\\index.js\"}"}}
[debug] [2021-04-27T20:19:54.555Z] [runtime-status] [1196] Resolved module firebase-admin {"declared":true,"installed":true,"version":"9.5.0","resolution":"C:\\Users\\Tvw00\\Deadline\\functions\\node_modules\\firebase-admin\\lib\\index.js"} {"metadata":{"emulator":{"name":"functions"},"function":{"name":"api"},"message":"[runtime-status] [1196] Resolved module firebase-admin {\"declared\":true,\"installed\":true,\"version\":\"9.5.0\",\"resolution\":\"C:\\\\Users\\\\Tvw00\\\\Deadline\\\\functions\\\\node_modules\\\\firebase-admin\\\\lib\\\\index.js\"}"}}
[debug] [2021-04-27T20:19:54.556Z] [runtime-status] [1196] Resolved module firebase-functions {"declared":true,"installed":true,"version":"3.13.2","resolution":"C:\\Users\\Tvw00\\Deadline\\functions\\node_modules\\firebase-functions\\lib\\index.js"} {"metadata":{"emulator":{"name":"functions"},"function":{"name":"api"},"message":"[runtime-status] [1196] Resolved module firebase-functions {\"declared\":true,\"installed\":true,\"version\":\"3.13.2\",\"resolution\":\"C:\\\\Users\\\\Tvw00\\\\Deadline\\\\functions\\\\node_modules\\\\firebase-functions\\\\lib\\\\index.js\"}"}}
[debug] [2021-04-27T20:19:54.557Z] [runtime-status] [1196] firebase-admin has been stubbed. {"adminResolution":{"declared":true,"installed":true,"version":"9.5.0","resolution":"C:\\Users\\Tvw00\\Deadline\\functions\\node_modules\\firebase-admin\\lib\\index.js"}} {"metadata":{"emulator":{"name":"functions"},"function":{"name":"api"},"message":"[runtime-status] [1196] firebase-admin has been stubbed. {\"adminResolution\":{\"declared\":true,\"installed\":true,\"version\":\"9.5.0\",\"resolution\":\"C:\\\\Users\\\\Tvw00\\\\Deadline\\\\functions\\\\node_modules\\\\firebase-admin\\\\lib\\\\index.js\"}}"}}
[debug] [2021-04-27T20:19:54.742Z] [runtime-status] [1196] initializeApp(DEFAULT) {"storageBucket":"deadline-17bb4.appspot.com","databaseURL":"https://deadline-17bb4-default-rtdb.firebaseio.com","projectId":"deadline-17bb4"} {"metadata":{"emulator":{"name":"functions"},"function":{"name":"api"},"message":"[runtime-status] [1196] initializeApp(DEFAULT) {\"storageBucket\":\"deadline-17bb4.appspot.com\",\"databaseURL\":\"https://deadline-17bb4-default-rtdb.firebaseio.com\",\"projectId\":\"deadline-17bb4\"}"}}
[debug] [2021-04-27T20:19:55.377Z] [runtime-status] [1196] Trigger "api" has been found, beginning invocation! {"metadata":{"emulator":{"name":"functions"},"function":{"name":"api"},"message":"[runtime-status] [1196] Trigger \"api\" has been found, beginning invocation!"}}
[info] i  functions: Beginning execution of "api" {"metadata":{"emulator":{"name":"functions"},"function":{"name":"api"},"message":"Beginning execution of \"api\""}}
[debug] [2021-04-27T20:19:55.378Z] [runtime-status] [1196] triggerDefinition {"httpsTrigger":{},"name":"api","entryPoint":"api"} {"metadata":{"emulator":{"name":"functions"},"function":{"name":"api"},"message":"[runtime-status] [1196] triggerDefinition {\"httpsTrigger\":{},\"name\":\"api\",\"entryPoint\":\"api\"}"}}
[debug] [2021-04-27T20:19:55.378Z] [runtime-status] [1196] Running api in mode HTTPS {"metadata":{"emulator":{"name":"functions"},"function":{"name":"api"},"message":"[runtime-status] [1196] Running api in mode HTTPS"}}
[debug] [2021-04-27T20:19:55.382Z] [runtime-status] [1196] Attempting to listen to socketPath: \\?\pipe\C:\Users\Tvw00\Deadline\functions\1196 {"metadata":{"emulator":{"name":"functions"},"function":{"name":"api"},"message":"[runtime-status] [1196] Attempting to listen to socketPath: \\\\?\\pipe\\C:\\Users\\Tvw00\\Deadline\\functions\\1196"}}
[debug] [2021-04-27T20:19:55.384Z] [functions] Runtime ready! Sending request! {"metadata":{"emulator":{"name":"functions"},"message":"[functions] Runtime ready! Sending request!"}}
[debug] [2021-04-27T20:19:55.385Z] [functions] Got req.url=/deadline-17bb4/us-central1/api/projects, mapping to path=/projects {"metadata":{"emulator":{"name":"functions"},"message":"[functions] Got req.url=/deadline-17bb4/us-central1/api/projects, mapping to path=/projects"}}
[debug] [2021-04-27T20:19:55.393Z] [runtime-status] [1196] Ephemeral server handling GET request {"metadata":{"emulator":{"name":"functions"},"function":{"name":"api"},"message":"[runtime-status] [1196] Ephemeral server handling GET request"}}
[debug] [2021-04-27T20:19:55.399Z] [runtime-status] [1196] Ephemeral server survived. {"metadata":{"emulator":{"name":"functions"},"function":{"name":"api"},"message":"[runtime-status] [1196] Ephemeral server survived."}}
[warn] !  Google API requested!
   - URL: "https://oauth2.googleapis.com/token"
   - Be careful, this may be a production service. {"metadata":{"emulator":{"name":"functions"},"function":{"name":"api"},"message":"Google API requested!\n   - URL: \"https://oauth2.googleapis.com/token\"\n   - Be careful, this may be a production service."}}
[info] i  functions: Finished "api" in ~1s {"metadata":{"emulator":{"name":"functions"},"function":{"name":"api"},"message":"Finished \"api\" in ~1s"}}
[debug] [2021-04-27T20:19:56.430Z] [worker-api-b9decaf6-70f0-4d26-b7fb-9e11704c4d51]: IDLE {"metadata":{"emulator":{"name":"functions"},"message":"[worker-api-b9decaf6-70f0-4d26-b7fb-9e11704c4d51]: IDLE"}}
[debug] [2021-04-27T20:19:56.430Z] [work-queue] {"queueLength":0,"workRunningCount":0}
[debug] [2021-04-27T20:21:28.638Z] [work-queue] {"queueLength":1,"workRunningCount":0}
[debug] [2021-04-27T20:21:28.638Z] [work-queue] {"queueLength":0,"workRunningCount":1}
[debug] [2021-04-27T20:21:28.638Z] Accepted request OPTIONS /deadline-17bb4/us-central1/api/project --> api
[debug] [2021-04-27T20:21:28.638Z] [worker-pool] submitWork(triggerId=api) {"metadata":{"emulator":{"name":"functions"},"message":"[worker-pool] submitWork(triggerId=api)"}}
[debug] [2021-04-27T20:21:28.638Z] [worker-api-b9decaf6-70f0-4d26-b7fb-9e11704c4d51]: Assigning socketPath: \\?\pipe\C:\Users\Tvw00\Deadline\functions\1196 {"metadata":{"emulator":{"name":"functions"},"message":"[worker-api-b9decaf6-70f0-4d26-b7fb-9e11704c4d51]: Assigning socketPath: \\\\?\\pipe\\C:\\Users\\Tvw00\\Deadline\\functions\\1196"}}
[debug] [2021-04-27T20:21:28.638Z] [worker-api-b9decaf6-70f0-4d26-b7fb-9e11704c4d51]: BUSY {"metadata":{"emulator":{"name":"functions"},"message":"[worker-api-b9decaf6-70f0-4d26-b7fb-9e11704c4d51]: BUSY"}}
[debug] [2021-04-27T20:21:28.639Z] [runtime-status] [1196] Trigger "api" has been found, beginning invocation! {"metadata":{"emulator":{"name":"functions"},"function":{"name":"api"},"message":"[runtime-status] [1196] Trigger \"api\" has been found, beginning invocation!"}}
[info] i  functions: Beginning execution of "api" {"metadata":{"emulator":{"name":"functions"},"function":{"name":"api"},"message":"Beginning execution of \"api\""}}
[debug] [2021-04-27T20:21:28.639Z] [runtime-status] [1196] triggerDefinition {"httpsTrigger":{},"name":"api","entryPoint":"api"} {"metadata":{"emulator":{"name":"functions"},"function":{"name":"api"},"message":"[runtime-status] [1196] triggerDefinition {\"httpsTrigger\":{},\"name\":\"api\",\"entryPoint\":\"api\"}"}}
[debug] [2021-04-27T20:21:28.639Z] [runtime-status] [1196] Running api in mode HTTPS {"metadata":{"emulator":{"name":"functions"},"function":{"name":"api"},"message":"[runtime-status] [1196] Running api in mode HTTPS"}}
[debug] [2021-04-27T20:21:28.640Z] [runtime-status] [1196] Attempting to listen to socketPath: \\?\pipe\C:\Users\Tvw00\Deadline\functions\1196 {"metadata":{"emulator":{"name":"functions"},"function":{"name":"api"},"message":"[runtime-status] [1196] Attempting to listen to socketPath: \\\\?\\pipe\\C:\\Users\\Tvw00\\Deadline\\functions\\1196"}}
[debug] [2021-04-27T20:21:28.640Z] [functions] Runtime ready! Sending request! {"metadata":{"emulator":{"name":"functions"},"message":"[functions] Runtime ready! Sending request!"}}
[debug] [2021-04-27T20:21:28.640Z] [functions] Got req.url=/deadline-17bb4/us-central1/api/project, mapping to path=/project {"metadata":{"emulator":{"name":"functions"},"message":"[functions] Got req.url=/deadline-17bb4/us-central1/api/project, mapping to path=/project"}}
[debug] [2021-04-27T20:21:28.642Z] [runtime-status] [1196] Ephemeral server handling OPTIONS request {"metadata":{"emulator":{"name":"functions"},"function":{"name":"api"},"message":"[runtime-status] [1196] Ephemeral server handling OPTIONS request"}}
[debug] [2021-04-27T20:21:28.643Z] [runtime-status] [1196] Ephemeral server survived. {"metadata":{"emulator":{"name":"functions"},"function":{"name":"api"},"message":"[runtime-status] [1196] Ephemeral server survived."}}
[info] i  functions: Finished "api" in ~1s {"metadata":{"emulator":{"name":"functions"},"function":{"name":"api"},"message":"Finished \"api\" in ~1s"}}
[debug] [2021-04-27T20:21:28.643Z] [worker-api-b9decaf6-70f0-4d26-b7fb-9e11704c4d51]: IDLE {"metadata":{"emulator":{"name":"functions"},"message":"[worker-api-b9decaf6-70f0-4d26-b7fb-9e11704c4d51]: IDLE"}}
[debug] [2021-04-27T20:21:28.644Z] [work-queue] {"queueLength":0,"workRunningCount":0}
[debug] [2021-04-27T20:21:28.653Z] [work-queue] {"queueLength":1,"workRunningCount":0}
[debug] [2021-04-27T20:21:28.654Z] [work-queue] {"queueLength":0,"workRunningCount":1}
[debug] [2021-04-27T20:21:28.654Z] Accepted request POST /deadline-17bb4/us-central1/api/project --> api
[debug] [2021-04-27T20:21:28.654Z] [worker-pool] submitWork(triggerId=api) {"metadata":{"emulator":{"name":"functions"},"message":"[worker-pool] submitWork(triggerId=api)"}}
[debug] [2021-04-27T20:21:28.654Z] [worker-api-b9decaf6-70f0-4d26-b7fb-9e11704c4d51]: Assigning socketPath: \\?\pipe\C:\Users\Tvw00\Deadline\functions\1196 {"metadata":{"emulator":{"name":"functions"},"message":"[worker-api-b9decaf6-70f0-4d26-b7fb-9e11704c4d51]: Assigning socketPath: \\\\?\\pipe\\C:\\Users\\Tvw00\\Deadline\\functions\\1196"}}
[debug] [2021-04-27T20:21:28.654Z] [worker-api-b9decaf6-70f0-4d26-b7fb-9e11704c4d51]: BUSY {"metadata":{"emulator":{"name":"functions"},"message":"[worker-api-b9decaf6-70f0-4d26-b7fb-9e11704c4d51]: BUSY"}}
[debug] [2021-04-27T20:21:28.654Z] [runtime-status] [1196] Trigger "api" has been found, beginning invocation! {"metadata":{"emulator":{"name":"functions"},"function":{"name":"api"},"message":"[runtime-status] [1196] Trigger \"api\" has been found, beginning invocation!"}}
[info] i  functions: Beginning execution of "api" {"metadata":{"emulator":{"name":"functions"},"function":{"name":"api"},"message":"Beginning execution of \"api\""}}
[debug] [2021-04-27T20:21:28.655Z] [runtime-status] [1196] triggerDefinition {"httpsTrigger":{},"name":"api","entryPoint":"api"} {"metadata":{"emulator":{"name":"functions"},"function":{"name":"api"},"message":"[runtime-status] [1196] triggerDefinition {\"httpsTrigger\":{},\"name\":\"api\",\"entryPoint\":\"api\"}"}}
[debug] [2021-04-27T20:21:28.656Z] [runtime-status] [1196] Running api in mode HTTPS {"metadata":{"emulator":{"name":"functions"},"function":{"name":"api"},"message":"[runtime-status] [1196] Running api in mode HTTPS"}}
[debug] [2021-04-27T20:21:28.656Z] [runtime-status] [1196] Attempting to listen to socketPath: \\?\pipe\C:\Users\Tvw00\Deadline\functions\1196 {"metadata":{"emulator":{"name":"functions"},"function":{"name":"api"},"message":"[runtime-status] [1196] Attempting to listen to socketPath: \\\\?\\pipe\\C:\\Users\\Tvw00\\Deadline\\functions\\1196"}}
[debug] [2021-04-27T20:21:28.656Z] [functions] Runtime ready! Sending request! {"metadata":{"emulator":{"name":"functions"},"message":"[functions] Runtime ready! Sending request!"}}
[debug] [2021-04-27T20:21:28.657Z] [functions] Got req.url=/deadline-17bb4/us-central1/api/project, mapping to path=/project {"metadata":{"emulator":{"name":"functions"},"message":"[functions] Got req.url=/deadline-17bb4/us-central1/api/project, mapping to path=/project"}}
[debug] [2021-04-27T20:21:28.669Z] [runtime-status] [1196] Ephemeral server handling POST request {"metadata":{"emulator":{"name":"functions"},"function":{"name":"api"},"message":"[runtime-status] [1196] Ephemeral server handling POST request"}}
[debug] [2021-04-27T20:21:28.672Z] [runtime-status] [1196] Ephemeral server survived. {"metadata":{"emulator":{"name":"functions"},"function":{"name":"api"},"message":"[runtime-status] [1196] Ephemeral server survived."}}
[info] i  functions: Finished "api" in ~1s {"metadata":{"emulator":{"name":"functions"},"function":{"name":"api"},"message":"Finished \"api\" in ~1s"}}
[debug] [2021-04-27T20:21:28.976Z] [worker-api-b9decaf6-70f0-4d26-b7fb-9e11704c4d51]: IDLE {"metadata":{"emulator":{"name":"functions"},"message":"[worker-api-b9decaf6-70f0-4d26-b7fb-9e11704c4d51]: IDLE"}}
[debug] [2021-04-27T20:21:28.976Z] [work-queue] {"queueLength":0,"workRunningCount":0}
[info] >  2021-04-29T05:00:00.000Z {"user":"2021-04-29T05:00:00.000Z","metadata":{"emulator":{"name":"functions"},"function":{"name":"api"},"message":"\u001b[90m> \u001b[39m 2021-04-29T05:00:00.000Z"}}
[info] >  t1 => 2021-04-29T05:00:00.000Z 5 0.5555555555555556 1 {"user":"t1 => 2021-04-29T05:00:00.000Z 5 0.5555555555555556 1","metadata":{"emulator":{"name":"functions"},"function":{"name":"api"},"message":"\u001b[90m> \u001b[39m t1 => 2021-04-29T05:00:00.000Z 5 0.5555555555555556 1"}}
[info] >   {"user":"","metadata":{"emulator":{"name":"functions"},"function":{"name":"api"},"message":"\u001b[90m> \u001b[39m "}}
[info] >   {"user":"","metadata":{"emulator":{"name":"functions"},"function":{"name":"api"},"message":"\u001b[90m> \u001b[39m "}}
[info] >  2021-04-30T05:00:00.000Z {"user":"2021-04-30T05:00:00.000Z","metadata":{"emulator":{"name":"functions"},"function":{"name":"api"},"message":"\u001b[90m> \u001b[39m 2021-04-30T05:00:00.000Z"}}
[info] >  t2 => 2021-04-30T05:00:00.000Z 3 0.3333333333333333 1 {"user":"t2 => 2021-04-30T05:00:00.000Z 3 0.3333333333333333 1","metadata":{"emulator":{"name":"functions"},"function":{"name":"api"},"message":"\u001b[90m> \u001b[39m t2 => 2021-04-30T05:00:00.000Z 3 0.3333333333333333 1"}}
[info] >   {"user":"","metadata":{"emulator":{"name":"functions"},"function":{"name":"api"},"message":"\u001b[90m> \u001b[39m "}}
[info] >   {"user":"","metadata":{"emulator":{"name":"functions"},"function":{"name":"api"},"message":"\u001b[90m> \u001b[39m "}}
[info] >  2021-04-30T05:00:00.000Z {"user":"2021-04-30T05:00:00.000Z","metadata":{"emulator":{"name":"functions"},"function":{"name":"api"},"message":"\u001b[90m> \u001b[39m 2021-04-30T05:00:00.000Z"}}
[info] >  t3 => 2021-04-30T05:00:00.000Z 1 0.1111111111111111 0 {"user":"t3 => 2021-04-30T05:00:00.000Z 1 0.1111111111111111 0","metadata":{"emulator":{"name":"functions"},"function":{"name":"api"},"message":"\u001b[90m> \u001b[39m t3 => 2021-04-30T05:00:00.000Z 1 0.1111111111111111 0"}}
[info] >   {"user":"","metadata":{"emulator":{"name":"functions"},"function":{"name":"api"},"message":"\u001b[90m> \u001b[39m "}}
[info] >   {"user":"","metadata":{"emulator":{"name":"functions"},"function":{"name":"api"},"message":"\u001b[90m> \u001b[39m "}}
[debug] [2021-04-27T20:21:33.034Z] [work-queue] {"queueLength":1,"workRunningCount":0}
[debug] [2021-04-27T20:21:33.034Z] [work-queue] {"queueLength":0,"workRunningCount":1}
[debug] [2021-04-27T20:21:33.034Z] Accepted request GET /deadline-17bb4/us-central1/api/projects --> api
[debug] [2021-04-27T20:21:33.034Z] [worker-pool] submitWork(triggerId=api) {"metadata":{"emulator":{"name":"functions"},"message":"[worker-pool] submitWork(triggerId=api)"}}
[debug] [2021-04-27T20:21:33.034Z] [worker-api-b9decaf6-70f0-4d26-b7fb-9e11704c4d51]: Assigning socketPath: \\?\pipe\C:\Users\Tvw00\Deadline\functions\1196 {"metadata":{"emulator":{"name":"functions"},"message":"[worker-api-b9decaf6-70f0-4d26-b7fb-9e11704c4d51]: Assigning socketPath: \\\\?\\pipe\\C:\\Users\\Tvw00\\Deadline\\functions\\1196"}}
[debug] [2021-04-27T20:21:33.035Z] [worker-api-b9decaf6-70f0-4d26-b7fb-9e11704c4d51]: BUSY {"metadata":{"emulator":{"name":"functions"},"message":"[worker-api-b9decaf6-70f0-4d26-b7fb-9e11704c4d51]: BUSY"}}
[debug] [2021-04-27T20:21:33.035Z] [runtime-status] [1196] Trigger "api" has been found, beginning invocation! {"metadata":{"emulator":{"name":"functions"},"function":{"name":"api"},"message":"[runtime-status] [1196] Trigger \"api\" has been found, beginning invocation!"}}
[info] i  functions: Beginning execution of "api" {"metadata":{"emulator":{"name":"functions"},"function":{"name":"api"},"message":"Beginning execution of \"api\""}}
[debug] [2021-04-27T20:21:33.036Z] [runtime-status] [1196] triggerDefinition {"httpsTrigger":{},"name":"api","entryPoint":"api"} {"metadata":{"emulator":{"name":"functions"},"function":{"name":"api"},"message":"[runtime-status] [1196] triggerDefinition {\"httpsTrigger\":{},\"name\":\"api\",\"entryPoint\":\"api\"}"}}
[debug] [2021-04-27T20:21:33.037Z] [runtime-status] [1196] Running api in mode HTTPS {"metadata":{"emulator":{"name":"functions"},"function":{"name":"api"},"message":"[runtime-status] [1196] Running api in mode HTTPS"}}
[debug] [2021-04-27T20:21:33.037Z] [runtime-status] [1196] Attempting to listen to socketPath: \\?\pipe\C:\Users\Tvw00\Deadline\functions\1196 {"metadata":{"emulator":{"name":"functions"},"function":{"name":"api"},"message":"[runtime-status] [1196] Attempting to listen to socketPath: \\\\?\\pipe\\C:\\Users\\Tvw00\\Deadline\\functions\\1196"}}
[debug] [2021-04-27T20:21:33.038Z] [functions] Runtime ready! Sending request! {"metadata":{"emulator":{"name":"functions"},"message":"[functions] Runtime ready! Sending request!"}}
[debug] [2021-04-27T20:21:33.038Z] [functions] Got req.url=/deadline-17bb4/us-central1/api/projects, mapping to path=/projects {"metadata":{"emulator":{"name":"functions"},"message":"[functions] Got req.url=/deadline-17bb4/us-central1/api/projects, mapping to path=/projects"}}
[debug] [2021-04-27T20:21:33.042Z] [runtime-status] [1196] Ephemeral server handling GET request {"metadata":{"emulator":{"name":"functions"},"function":{"name":"api"},"message":"[runtime-status] [1196] Ephemeral server handling GET request"}}
[debug] [2021-04-27T20:21:33.043Z] [runtime-status] [1196] Ephemeral server survived. {"metadata":{"emulator":{"name":"functions"},"function":{"name":"api"},"message":"[runtime-status] [1196] Ephemeral server survived."}}
[info] i  functions: Finished "api" in ~1s {"metadata":{"emulator":{"name":"functions"},"function":{"name":"api"},"message":"Finished \"api\" in ~1s"}}
[debug] [2021-04-27T20:21:33.131Z] [worker-api-b9decaf6-70f0-4d26-b7fb-9e11704c4d51]: IDLE {"metadata":{"emulator":{"name":"functions"},"message":"[worker-api-b9decaf6-70f0-4d26-b7fb-9e11704c4d51]: IDLE"}}
[debug] [2021-04-27T20:21:33.132Z] [work-queue] {"queueLength":0,"workRunningCount":0}
[debug] [2021-04-27T20:22:20.353Z] [work-queue] {"queueLength":1,"workRunningCount":0}
[debug] [2021-04-27T20:22:20.354Z] [work-queue] {"queueLength":0,"workRunningCount":1}
[debug] [2021-04-27T20:22:20.354Z] Accepted request OPTIONS /deadline-17bb4/us-central1/api/project --> api
[debug] [2021-04-27T20:22:20.355Z] [worker-pool] submitWork(triggerId=api) {"metadata":{"emulator":{"name":"functions"},"message":"[worker-pool] submitWork(triggerId=api)"}}
[debug] [2021-04-27T20:22:20.355Z] [worker-api-b9decaf6-70f0-4d26-b7fb-9e11704c4d51]: Assigning socketPath: \\?\pipe\C:\Users\Tvw00\Deadline\functions\1196 {"metadata":{"emulator":{"name":"functions"},"message":"[worker-api-b9decaf6-70f0-4d26-b7fb-9e11704c4d51]: Assigning socketPath: \\\\?\\pipe\\C:\\Users\\Tvw00\\Deadline\\functions\\1196"}}
[debug] [2021-04-27T20:22:20.356Z] [worker-api-b9decaf6-70f0-4d26-b7fb-9e11704c4d51]: BUSY {"metadata":{"emulator":{"name":"functions"},"message":"[worker-api-b9decaf6-70f0-4d26-b7fb-9e11704c4d51]: BUSY"}}
[debug] [2021-04-27T20:22:20.357Z] [runtime-status] [1196] Trigger "api" has been found, beginning invocation! {"metadata":{"emulator":{"name":"functions"},"function":{"name":"api"},"message":"[runtime-status] [1196] Trigger \"api\" has been found, beginning invocation!"}}
[info] i  functions: Beginning execution of "api" {"metadata":{"emulator":{"name":"functions"},"function":{"name":"api"},"message":"Beginning execution of \"api\""}}
[debug] [2021-04-27T20:22:20.358Z] [runtime-status] [1196] triggerDefinition {"httpsTrigger":{},"name":"api","entryPoint":"api"} {"metadata":{"emulator":{"name":"functions"},"function":{"name":"api"},"message":"[runtime-status] [1196] triggerDefinition {\"httpsTrigger\":{},\"name\":\"api\",\"entryPoint\":\"api\"}"}}
[debug] [2021-04-27T20:22:20.358Z] [runtime-status] [1196] Running api in mode HTTPS {"metadata":{"emulator":{"name":"functions"},"function":{"name":"api"},"message":"[runtime-status] [1196] Running api in mode HTTPS"}}
[debug] [2021-04-27T20:22:20.359Z] [runtime-status] [1196] Attempting to listen to socketPath: \\?\pipe\C:\Users\Tvw00\Deadline\functions\1196 {"metadata":{"emulator":{"name":"functions"},"function":{"name":"api"},"message":"[runtime-status] [1196] Attempting to listen to socketPath: \\\\?\\pipe\\C:\\Users\\Tvw00\\Deadline\\functions\\1196"}}
[debug] [2021-04-27T20:22:20.359Z] [functions] Runtime ready! Sending request! {"metadata":{"emulator":{"name":"functions"},"message":"[functions] Runtime ready! Sending request!"}}
[debug] [2021-04-27T20:22:20.359Z] [functions] Got req.url=/deadline-17bb4/us-central1/api/project, mapping to path=/project {"metadata":{"emulator":{"name":"functions"},"message":"[functions] Got req.url=/deadline-17bb4/us-central1/api/project, mapping to path=/project"}}
[debug] [2021-04-27T20:22:20.361Z] [runtime-status] [1196] Ephemeral server handling OPTIONS request {"metadata":{"emulator":{"name":"functions"},"function":{"name":"api"},"message":"[runtime-status] [1196] Ephemeral server handling OPTIONS request"}}
[debug] [2021-04-27T20:22:20.363Z] [runtime-status] [1196] Ephemeral server survived. {"metadata":{"emulator":{"name":"functions"},"function":{"name":"api"},"message":"[runtime-status] [1196] Ephemeral server survived."}}
[info] i  functions: Finished "api" in ~1s {"metadata":{"emulator":{"name":"functions"},"function":{"name":"api"},"message":"Finished \"api\" in ~1s"}}
[debug] [2021-04-27T20:22:20.363Z] [worker-api-b9decaf6-70f0-4d26-b7fb-9e11704c4d51]: IDLE {"metadata":{"emulator":{"name":"functions"},"message":"[worker-api-b9decaf6-70f0-4d26-b7fb-9e11704c4d51]: IDLE"}}
[debug] [2021-04-27T20:22:20.363Z] [work-queue] {"queueLength":0,"workRunningCount":0}
[debug] [2021-04-27T20:22:20.364Z] [work-queue] {"queueLength":1,"workRunningCount":0}
[debug] [2021-04-27T20:22:20.364Z] [work-queue] {"queueLength":0,"workRunningCount":1}
[debug] [2021-04-27T20:22:20.364Z] Accepted request POST /deadline-17bb4/us-central1/api/project --> api
[debug] [2021-04-27T20:22:20.364Z] [worker-pool] submitWork(triggerId=api) {"metadata":{"emulator":{"name":"functions"},"message":"[worker-pool] submitWork(triggerId=api)"}}
[debug] [2021-04-27T20:22:20.364Z] [worker-api-b9decaf6-70f0-4d26-b7fb-9e11704c4d51]: Assigning socketPath: \\?\pipe\C:\Users\Tvw00\Deadline\functions\1196 {"metadata":{"emulator":{"name":"functions"},"message":"[worker-api-b9decaf6-70f0-4d26-b7fb-9e11704c4d51]: Assigning socketPath: \\\\?\\pipe\\C:\\Users\\Tvw00\\Deadline\\functions\\1196"}}
[debug] [2021-04-27T20:22:20.364Z] [worker-api-b9decaf6-70f0-4d26-b7fb-9e11704c4d51]: BUSY {"metadata":{"emulator":{"name":"functions"},"message":"[worker-api-b9decaf6-70f0-4d26-b7fb-9e11704c4d51]: BUSY"}}
[debug] [2021-04-27T20:22:20.374Z] [runtime-status] [1196] Trigger "api" has been found, beginning invocation! {"metadata":{"emulator":{"name":"functions"},"function":{"name":"api"},"message":"[runtime-status] [1196] Trigger \"api\" has been found, beginning invocation!"}}
[info] i  functions: Beginning execution of "api" {"metadata":{"emulator":{"name":"functions"},"function":{"name":"api"},"message":"Beginning execution of \"api\""}}
[debug] [2021-04-27T20:22:20.375Z] [runtime-status] [1196] triggerDefinition {"httpsTrigger":{},"name":"api","entryPoint":"api"} {"metadata":{"emulator":{"name":"functions"},"function":{"name":"api"},"message":"[runtime-status] [1196] triggerDefinition {\"httpsTrigger\":{},\"name\":\"api\",\"entryPoint\":\"api\"}"}}
[debug] [2021-04-27T20:22:20.376Z] [runtime-status] [1196] Running api in mode HTTPS {"metadata":{"emulator":{"name":"functions"},"function":{"name":"api"},"message":"[runtime-status] [1196] Running api in mode HTTPS"}}
[debug] [2021-04-27T20:22:20.376Z] [runtime-status] [1196] Attempting to listen to socketPath: \\?\pipe\C:\Users\Tvw00\Deadline\functions\1196 {"metadata":{"emulator":{"name":"functions"},"function":{"name":"api"},"message":"[runtime-status] [1196] Attempting to listen to socketPath: \\\\?\\pipe\\C:\\Users\\Tvw00\\Deadline\\functions\\1196"}}
[debug] [2021-04-27T20:22:20.376Z] [functions] Runtime ready! Sending request! {"metadata":{"emulator":{"name":"functions"},"message":"[functions] Runtime ready! Sending request!"}}
[debug] [2021-04-27T20:22:20.376Z] [functions] Got req.url=/deadline-17bb4/us-central1/api/project, mapping to path=/project {"metadata":{"emulator":{"name":"functions"},"message":"[functions] Got req.url=/deadline-17bb4/us-central1/api/project, mapping to path=/project"}}
[debug] [2021-04-27T20:22:20.378Z] [runtime-status] [1196] Ephemeral server handling POST request {"metadata":{"emulator":{"name":"functions"},"function":{"name":"api"},"message":"[runtime-status] [1196] Ephemeral server handling POST request"}}
[debug] [2021-04-27T20:22:20.378Z] [runtime-status] [1196] Ephemeral server survived. {"metadata":{"emulator":{"name":"functions"},"function":{"name":"api"},"message":"[runtime-status] [1196] Ephemeral server survived."}}
[info] i  functions: Finished "api" in ~1s {"metadata":{"emulator":{"name":"functions"},"function":{"name":"api"},"message":"Finished \"api\" in ~1s"}}
[debug] [2021-04-27T20:22:20.552Z] [worker-api-b9decaf6-70f0-4d26-b7fb-9e11704c4d51]: IDLE {"metadata":{"emulator":{"name":"functions"},"message":"[worker-api-b9decaf6-70f0-4d26-b7fb-9e11704c4d51]: IDLE"}}
[debug] [2021-04-27T20:22:20.552Z] [work-queue] {"queueLength":0,"workRunningCount":0}
[info] >  2021-05-01T05:00:00.000Z {"user":"2021-05-01T05:00:00.000Z","metadata":{"emulator":{"name":"functions"},"function":{"name":"api"},"message":"\u001b[90m> \u001b[39m 2021-05-01T05:00:00.000Z"}}
[info] >  t1 => 2021-05-01T05:00:00.000Z 1 0.1111111111111111 3 {"user":"t1 => 2021-05-01T05:00:00.000Z 1 0.1111111111111111 3","metadata":{"emulator":{"name":"functions"},"function":{"name":"api"},"message":"\u001b[90m> \u001b[39m t1 => 2021-05-01T05:00:00.000Z 1 0.1111111111111111 3"}}
[info] >   {"user":"","metadata":{"emulator":{"name":"functions"},"function":{"name":"api"},"message":"\u001b[90m> \u001b[39m "}}
[info] >   {"user":"","metadata":{"emulator":{"name":"functions"},"function":{"name":"api"},"message":"\u001b[90m> \u001b[39m "}}
[info] >  2021-05-10T05:00:00.000Z {"user":"2021-05-10T05:00:00.000Z","metadata":{"emulator":{"name":"functions"},"function":{"name":"api"},"message":"\u001b[90m> \u001b[39m 2021-05-10T05:00:00.000Z"}}
[info] >  t2 => 2021-05-10T05:00:00.000Z 3 0.3333333333333333 9 {"user":"t2 => 2021-05-10T05:00:00.000Z 3 0.3333333333333333 9","metadata":{"emulator":{"name":"functions"},"function":{"name":"api"},"message":"\u001b[90m> \u001b[39m t2 => 2021-05-10T05:00:00.000Z 3 0.3333333333333333 9"}}
[info] >   {"user":"","metadata":{"emulator":{"name":"functions"},"function":{"name":"api"},"message":"\u001b[90m> \u001b[39m "}}
[info] >   {"user":"","metadata":{"emulator":{"name":"functions"},"function":{"name":"api"},"message":"\u001b[90m> \u001b[39m "}}
[info] >  2021-05-25T05:00:00.000Z {"user":"2021-05-25T05:00:00.000Z","metadata":{"emulator":{"name":"functions"},"function":{"name":"api"},"message":"\u001b[90m> \u001b[39m 2021-05-25T05:00:00.000Z"}}
[info] >  t5 => 2021-05-25T05:00:00.000Z 5 0.5555555555555556 15 {"user":"t5 => 2021-05-25T05:00:00.000Z 5 0.5555555555555556 15","metadata":{"emulator":{"name":"functions"},"function":{"name":"api"},"message":"\u001b[90m> \u001b[39m t5 => 2021-05-25T05:00:00.000Z 5 0.5555555555555556 15"}}
[info] >   {"user":"","metadata":{"emulator":{"name":"functions"},"function":{"name":"api"},"message":"\u001b[90m> \u001b[39m "}}
[info] >   {"user":"","metadata":{"emulator":{"name":"functions"},"function":{"name":"api"},"message":"\u001b[90m> \u001b[39m "}}
[debug] [2021-04-27T20:22:28.713Z] [work-queue] {"queueLength":1,"workRunningCount":0}
[debug] [2021-04-27T20:22:28.713Z] [work-queue] {"queueLength":0,"workRunningCount":1}
[debug] [2021-04-27T20:22:28.713Z] Accepted request GET /deadline-17bb4/us-central1/api/projects --> api
[debug] [2021-04-27T20:22:28.714Z] [worker-pool] submitWork(triggerId=api) {"metadata":{"emulator":{"name":"functions"},"message":"[worker-pool] submitWork(triggerId=api)"}}
[debug] [2021-04-27T20:22:28.714Z] [worker-api-b9decaf6-70f0-4d26-b7fb-9e11704c4d51]: Assigning socketPath: \\?\pipe\C:\Users\Tvw00\Deadline\functions\1196 {"metadata":{"emulator":{"name":"functions"},"message":"[worker-api-b9decaf6-70f0-4d26-b7fb-9e11704c4d51]: Assigning socketPath: \\\\?\\pipe\\C:\\Users\\Tvw00\\Deadline\\functions\\1196"}}
[debug] [2021-04-27T20:22:28.714Z] [worker-api-b9decaf6-70f0-4d26-b7fb-9e11704c4d51]: BUSY {"metadata":{"emulator":{"name":"functions"},"message":"[worker-api-b9decaf6-70f0-4d26-b7fb-9e11704c4d51]: BUSY"}}
[debug] [2021-04-27T20:22:28.714Z] [runtime-status] [1196] Trigger "api" has been found, beginning invocation! {"metadata":{"emulator":{"name":"functions"},"function":{"name":"api"},"message":"[runtime-status] [1196] Trigger \"api\" has been found, beginning invocation!"}}
[info] i  functions: Beginning execution of "api" {"metadata":{"emulator":{"name":"functions"},"function":{"name":"api"},"message":"Beginning execution of \"api\""}}
[debug] [2021-04-27T20:22:28.715Z] [runtime-status] [1196] triggerDefinition {"httpsTrigger":{},"name":"api","entryPoint":"api"} {"metadata":{"emulator":{"name":"functions"},"function":{"name":"api"},"message":"[runtime-status] [1196] triggerDefinition {\"httpsTrigger\":{},\"name\":\"api\",\"entryPoint\":\"api\"}"}}
[debug] [2021-04-27T20:22:28.715Z] [runtime-status] [1196] Running api in mode HTTPS {"metadata":{"emulator":{"name":"functions"},"function":{"name":"api"},"message":"[runtime-status] [1196] Running api in mode HTTPS"}}
[debug] [2021-04-27T20:22:28.716Z] [runtime-status] [1196] Attempting to listen to socketPath: \\?\pipe\C:\Users\Tvw00\Deadline\functions\1196 {"metadata":{"emulator":{"name":"functions"},"function":{"name":"api"},"message":"[runtime-status] [1196] Attempting to listen to socketPath: \\\\?\\pipe\\C:\\Users\\Tvw00\\Deadline\\functions\\1196"}}
[debug] [2021-04-27T20:22:28.716Z] [functions] Runtime ready! Sending request! {"metadata":{"emulator":{"name":"functions"},"message":"[functions] Runtime ready! Sending request!"}}
[debug] [2021-04-27T20:22:28.716Z] [functions] Got req.url=/deadline-17bb4/us-central1/api/projects, mapping to path=/projects {"metadata":{"emulator":{"name":"functions"},"message":"[functions] Got req.url=/deadline-17bb4/us-central1/api/projects, mapping to path=/projects"}}
[debug] [2021-04-27T20:22:28.717Z] [runtime-status] [1196] Ephemeral server handling GET request {"metadata":{"emulator":{"name":"functions"},"function":{"name":"api"},"message":"[runtime-status] [1196] Ephemeral server handling GET request"}}
[debug] [2021-04-27T20:22:28.718Z] [runtime-status] [1196] Ephemeral server survived. {"metadata":{"emulator":{"name":"functions"},"function":{"name":"api"},"message":"[runtime-status] [1196] Ephemeral server survived."}}
[info] i  functions: Finished "api" in ~1s {"metadata":{"emulator":{"name":"functions"},"function":{"name":"api"},"message":"Finished \"api\" in ~1s"}}
[debug] [2021-04-27T20:22:28.809Z] [worker-api-b9decaf6-70f0-4d26-b7fb-9e11704c4d51]: IDLE {"metadata":{"emulator":{"name":"functions"},"message":"[worker-api-b9decaf6-70f0-4d26-b7fb-9e11704c4d51]: IDLE"}}
[debug] [2021-04-27T20:22:28.809Z] [work-queue] {"queueLength":0,"workRunningCount":0}
[debug] [2021-04-27T20:23:41.150Z] [work-queue] {"queueLength":1,"workRunningCount":0}
[debug] [2021-04-27T20:23:41.150Z] [work-queue] {"queueLength":0,"workRunningCount":1}
[debug] [2021-04-27T20:23:41.150Z] Accepted request OPTIONS /deadline-17bb4/us-central1/api/project --> api
[debug] [2021-04-27T20:23:41.150Z] [worker-pool] submitWork(triggerId=api) {"metadata":{"emulator":{"name":"functions"},"message":"[worker-pool] submitWork(triggerId=api)"}}
[debug] [2021-04-27T20:23:41.150Z] [worker-api-b9decaf6-70f0-4d26-b7fb-9e11704c4d51]: Assigning socketPath: \\?\pipe\C:\Users\Tvw00\Deadline\functions\1196 {"metadata":{"emulator":{"name":"functions"},"message":"[worker-api-b9decaf6-70f0-4d26-b7fb-9e11704c4d51]: Assigning socketPath: \\\\?\\pipe\\C:\\Users\\Tvw00\\Deadline\\functions\\1196"}}
[debug] [2021-04-27T20:23:41.150Z] [worker-api-b9decaf6-70f0-4d26-b7fb-9e11704c4d51]: BUSY {"metadata":{"emulator":{"name":"functions"},"message":"[worker-api-b9decaf6-70f0-4d26-b7fb-9e11704c4d51]: BUSY"}}
[debug] [2021-04-27T20:23:41.151Z] [runtime-status] [1196] Trigger "api" has been found, beginning invocation! {"metadata":{"emulator":{"name":"functions"},"function":{"name":"api"},"message":"[runtime-status] [1196] Trigger \"api\" has been found, beginning invocation!"}}
[info] i  functions: Beginning execution of "api" {"metadata":{"emulator":{"name":"functions"},"function":{"name":"api"},"message":"Beginning execution of \"api\""}}
[debug] [2021-04-27T20:23:41.152Z] [runtime-status] [1196] triggerDefinition {"httpsTrigger":{},"name":"api","entryPoint":"api"} {"metadata":{"emulator":{"name":"functions"},"function":{"name":"api"},"message":"[runtime-status] [1196] triggerDefinition {\"httpsTrigger\":{},\"name\":\"api\",\"entryPoint\":\"api\"}"}}
[debug] [2021-04-27T20:23:41.153Z] [runtime-status] [1196] Running api in mode HTTPS {"metadata":{"emulator":{"name":"functions"},"function":{"name":"api"},"message":"[runtime-status] [1196] Running api in mode HTTPS"}}
[debug] [2021-04-27T20:23:41.153Z] [runtime-status] [1196] Attempting to listen to socketPath: \\?\pipe\C:\Users\Tvw00\Deadline\functions\1196 {"metadata":{"emulator":{"name":"functions"},"function":{"name":"api"},"message":"[runtime-status] [1196] Attempting to listen to socketPath: \\\\?\\pipe\\C:\\Users\\Tvw00\\Deadline\\functions\\1196"}}
[debug] [2021-04-27T20:23:41.153Z] [functions] Runtime ready! Sending request! {"metadata":{"emulator":{"name":"functions"},"message":"[functions] Runtime ready! Sending request!"}}
[debug] [2021-04-27T20:23:41.153Z] [functions] Got req.url=/deadline-17bb4/us-central1/api/project, mapping to path=/project {"metadata":{"emulator":{"name":"functions"},"message":"[functions] Got req.url=/deadline-17bb4/us-central1/api/project, mapping to path=/project"}}
[debug] [2021-04-27T20:23:41.154Z] [runtime-status] [1196] Ephemeral server handling OPTIONS request {"metadata":{"emulator":{"name":"functions"},"function":{"name":"api"},"message":"[runtime-status] [1196] Ephemeral server handling OPTIONS request"}}
[debug] [2021-04-27T20:23:41.155Z] [runtime-status] [1196] Ephemeral server survived. {"metadata":{"emulator":{"name":"functions"},"function":{"name":"api"},"message":"[runtime-status] [1196] Ephemeral server survived."}}
[info] i  functions: Finished "api" in ~1s {"metadata":{"emulator":{"name":"functions"},"function":{"name":"api"},"message":"Finished \"api\" in ~1s"}}
[debug] [2021-04-27T20:23:41.156Z] [worker-api-b9decaf6-70f0-4d26-b7fb-9e11704c4d51]: IDLE {"metadata":{"emulator":{"name":"functions"},"message":"[worker-api-b9decaf6-70f0-4d26-b7fb-9e11704c4d51]: IDLE"}}
[debug] [2021-04-27T20:23:41.156Z] [work-queue] {"queueLength":0,"workRunningCount":0}
[debug] [2021-04-27T20:23:41.157Z] [work-queue] {"queueLength":1,"workRunningCount":0}
[debug] [2021-04-27T20:23:41.157Z] [work-queue] {"queueLength":0,"workRunningCount":1}
[debug] [2021-04-27T20:23:41.157Z] Accepted request POST /deadline-17bb4/us-central1/api/project --> api
[debug] [2021-04-27T20:23:41.157Z] [worker-pool] submitWork(triggerId=api) {"metadata":{"emulator":{"name":"functions"},"message":"[worker-pool] submitWork(triggerId=api)"}}
[debug] [2021-04-27T20:23:41.157Z] [worker-api-b9decaf6-70f0-4d26-b7fb-9e11704c4d51]: Assigning socketPath: \\?\pipe\C:\Users\Tvw00\Deadline\functions\1196 {"metadata":{"emulator":{"name":"functions"},"message":"[worker-api-b9decaf6-70f0-4d26-b7fb-9e11704c4d51]: Assigning socketPath: \\\\?\\pipe\\C:\\Users\\Tvw00\\Deadline\\functions\\1196"}}
[debug] [2021-04-27T20:23:41.157Z] [worker-api-b9decaf6-70f0-4d26-b7fb-9e11704c4d51]: BUSY {"metadata":{"emulator":{"name":"functions"},"message":"[worker-api-b9decaf6-70f0-4d26-b7fb-9e11704c4d51]: BUSY"}}
[debug] [2021-04-27T20:23:41.166Z] [runtime-status] [1196] Trigger "api" has been found, beginning invocation! {"metadata":{"emulator":{"name":"functions"},"function":{"name":"api"},"message":"[runtime-status] [1196] Trigger \"api\" has been found, beginning invocation!"}}
[info] i  functions: Beginning execution of "api" {"metadata":{"emulator":{"name":"functions"},"function":{"name":"api"},"message":"Beginning execution of \"api\""}}
[debug] [2021-04-27T20:23:41.167Z] [runtime-status] [1196] triggerDefinition {"httpsTrigger":{},"name":"api","entryPoint":"api"} {"metadata":{"emulator":{"name":"functions"},"function":{"name":"api"},"message":"[runtime-status] [1196] triggerDefinition {\"httpsTrigger\":{},\"name\":\"api\",\"entryPoint\":\"api\"}"}}
[debug] [2021-04-27T20:23:41.168Z] [runtime-status] [1196] Running api in mode HTTPS {"metadata":{"emulator":{"name":"functions"},"function":{"name":"api"},"message":"[runtime-status] [1196] Running api in mode HTTPS"}}
[debug] [2021-04-27T20:23:41.168Z] [runtime-status] [1196] Attempting to listen to socketPath: \\?\pipe\C:\Users\Tvw00\Deadline\functions\1196 {"metadata":{"emulator":{"name":"functions"},"function":{"name":"api"},"message":"[runtime-status] [1196] Attempting to listen to socketPath: \\\\?\\pipe\\C:\\Users\\Tvw00\\Deadline\\functions\\1196"}}
[debug] [2021-04-27T20:23:41.169Z] [functions] Runtime ready! Sending request! {"metadata":{"emulator":{"name":"functions"},"message":"[functions] Runtime ready! Sending request!"}}
[debug] [2021-04-27T20:23:41.169Z] [functions] Got req.url=/deadline-17bb4/us-central1/api/project, mapping to path=/project {"metadata":{"emulator":{"name":"functions"},"message":"[functions] Got req.url=/deadline-17bb4/us-central1/api/project, mapping to path=/project"}}
[debug] [2021-04-27T20:23:41.171Z] [runtime-status] [1196] Ephemeral server handling POST request {"metadata":{"emulator":{"name":"functions"},"function":{"name":"api"},"message":"[runtime-status] [1196] Ephemeral server handling POST request"}}
[debug] [2021-04-27T20:23:41.172Z] [runtime-status] [1196] Ephemeral server survived. {"metadata":{"emulator":{"name":"functions"},"function":{"name":"api"},"message":"[runtime-status] [1196] Ephemeral server survived."}}
[info] i  functions: Finished "api" in ~1s {"metadata":{"emulator":{"name":"functions"},"function":{"name":"api"},"message":"Finished \"api\" in ~1s"}}
[debug] [2021-04-27T20:23:41.384Z] [worker-api-b9decaf6-70f0-4d26-b7fb-9e11704c4d51]: IDLE {"metadata":{"emulator":{"name":"functions"},"message":"[worker-api-b9decaf6-70f0-4d26-b7fb-9e11704c4d51]: IDLE"}}
[debug] [2021-04-27T20:23:41.384Z] [work-queue] {"queueLength":0,"workRunningCount":0}
[info] >  2021-05-02T05:00:00.000Z {"user":"2021-05-02T05:00:00.000Z","metadata":{"emulator":{"name":"functions"},"function":{"name":"api"},"message":"\u001b[90m> \u001b[39m 2021-05-02T05:00:00.000Z"}}
[info] >  judge1 => 2021-05-02T05:00:00.000Z 3 0.3333333333333333 4 {"user":"judge1 => 2021-05-02T05:00:00.000Z 3 0.3333333333333333 4","metadata":{"emulator":{"name":"functions"},"function":{"name":"api"},"message":"\u001b[90m> \u001b[39m judge1 => 2021-05-02T05:00:00.000Z 3 0.3333333333333333 4"}}
[info] >   {"user":"","metadata":{"emulator":{"name":"functions"},"function":{"name":"api"},"message":"\u001b[90m> \u001b[39m "}}
[info] >   {"user":"","metadata":{"emulator":{"name":"functions"},"function":{"name":"api"},"message":"\u001b[90m> \u001b[39m "}}
[info] >  2021-05-03T05:00:00.000Z {"user":"2021-05-03T05:00:00.000Z","metadata":{"emulator":{"name":"functions"},"function":{"name":"api"},"message":"\u001b[90m> \u001b[39m 2021-05-03T05:00:00.000Z"}}
[info] >  judge2 => 2021-05-03T05:00:00.000Z 1 0.1111111111111111 1 {"user":"judge2 => 2021-05-03T05:00:00.000Z 1 0.1111111111111111 1","metadata":{"emulator":{"name":"functions"},"function":{"name":"api"},"message":"\u001b[90m> \u001b[39m judge2 => 2021-05-03T05:00:00.000Z 1 0.1111111111111111 1"}}
[info] >   {"user":"","metadata":{"emulator":{"name":"functions"},"function":{"name":"api"},"message":"\u001b[90m> \u001b[39m "}}
[info] >   {"user":"","metadata":{"emulator":{"name":"functions"},"function":{"name":"api"},"message":"\u001b[90m> \u001b[39m "}}
[info] >  2021-05-09T05:00:00.000Z {"user":"2021-05-09T05:00:00.000Z","metadata":{"emulator":{"name":"functions"},"function":{"name":"api"},"message":"\u001b[90m> \u001b[39m 2021-05-09T05:00:00.000Z"}}
[info] >  judge 3 => 2021-05-09T05:00:00.000Z 5 0.5555555555555556 6 {"user":"judge 3 => 2021-05-09T05:00:00.000Z 5 0.5555555555555556 6","metadata":{"emulator":{"name":"functions"},"function":{"name":"api"},"message":"\u001b[90m> \u001b[39m judge 3 => 2021-05-09T05:00:00.000Z 5 0.5555555555555556 6"}}
[info] >   {"user":"","metadata":{"emulator":{"name":"functions"},"function":{"name":"api"},"message":"\u001b[90m> \u001b[39m "}}
[info] >   {"user":"","metadata":{"emulator":{"name":"functions"},"function":{"name":"api"},"message":"\u001b[90m> \u001b[39m "}}
[debug] [2021-04-27T20:23:46.396Z] [work-queue] {"queueLength":1,"workRunningCount":0}
[debug] [2021-04-27T20:23:46.396Z] [work-queue] {"queueLength":0,"workRunningCount":1}
[debug] [2021-04-27T20:23:46.396Z] Accepted request GET /deadline-17bb4/us-central1/api/projects --> api
[debug] [2021-04-27T20:23:46.397Z] [worker-pool] submitWork(triggerId=api) {"metadata":{"emulator":{"name":"functions"},"message":"[worker-pool] submitWork(triggerId=api)"}}
[debug] [2021-04-27T20:23:46.397Z] [worker-api-b9decaf6-70f0-4d26-b7fb-9e11704c4d51]: Assigning socketPath: \\?\pipe\C:\Users\Tvw00\Deadline\functions\1196 {"metadata":{"emulator":{"name":"functions"},"message":"[worker-api-b9decaf6-70f0-4d26-b7fb-9e11704c4d51]: Assigning socketPath: \\\\?\\pipe\\C:\\Users\\Tvw00\\Deadline\\functions\\1196"}}
[debug] [2021-04-27T20:23:46.397Z] [worker-api-b9decaf6-70f0-4d26-b7fb-9e11704c4d51]: BUSY {"metadata":{"emulator":{"name":"functions"},"message":"[worker-api-b9decaf6-70f0-4d26-b7fb-9e11704c4d51]: BUSY"}}
[debug] [2021-04-27T20:23:46.397Z] [runtime-status] [1196] Trigger "api" has been found, beginning invocation! {"metadata":{"emulator":{"name":"functions"},"function":{"name":"api"},"message":"[runtime-status] [1196] Trigger \"api\" has been found, beginning invocation!"}}
[info] i  functions: Beginning execution of "api" {"metadata":{"emulator":{"name":"functions"},"function":{"name":"api"},"message":"Beginning execution of \"api\""}}
[debug] [2021-04-27T20:23:46.399Z] [runtime-status] [1196] triggerDefinition {"httpsTrigger":{},"name":"api","entryPoint":"api"} {"metadata":{"emulator":{"name":"functions"},"function":{"name":"api"},"message":"[runtime-status] [1196] triggerDefinition {\"httpsTrigger\":{},\"name\":\"api\",\"entryPoint\":\"api\"}"}}
[debug] [2021-04-27T20:23:46.399Z] [runtime-status] [1196] Running api in mode HTTPS {"metadata":{"emulator":{"name":"functions"},"function":{"name":"api"},"message":"[runtime-status] [1196] Running api in mode HTTPS"}}
[debug] [2021-04-27T20:23:46.400Z] [runtime-status] [1196] Attempting to listen to socketPath: \\?\pipe\C:\Users\Tvw00\Deadline\functions\1196 {"metadata":{"emulator":{"name":"functions"},"function":{"name":"api"},"message":"[runtime-status] [1196] Attempting to listen to socketPath: \\\\?\\pipe\\C:\\Users\\Tvw00\\Deadline\\functions\\1196"}}
[debug] [2021-04-27T20:23:46.401Z] [functions] Runtime ready! Sending request! {"metadata":{"emulator":{"name":"functions"},"message":"[functions] Runtime ready! Sending request!"}}
[debug] [2021-04-27T20:23:46.401Z] [functions] Got req.url=/deadline-17bb4/us-central1/api/projects, mapping to path=/projects {"metadata":{"emulator":{"name":"functions"},"message":"[functions] Got req.url=/deadline-17bb4/us-central1/api/projects, mapping to path=/projects"}}
[debug] [2021-04-27T20:23:46.403Z] [runtime-status] [1196] Ephemeral server handling GET request {"metadata":{"emulator":{"name":"functions"},"function":{"name":"api"},"message":"[runtime-status] [1196] Ephemeral server handling GET request"}}
[debug] [2021-04-27T20:23:46.404Z] [runtime-status] [1196] Ephemeral server survived. {"metadata":{"emulator":{"name":"functions"},"function":{"name":"api"},"message":"[runtime-status] [1196] Ephemeral server survived."}}
[info] i  functions: Finished "api" in ~1s {"metadata":{"emulator":{"name":"functions"},"function":{"name":"api"},"message":"Finished \"api\" in ~1s"}}
[debug] [2021-04-27T20:23:46.714Z] [worker-api-b9decaf6-70f0-4d26-b7fb-9e11704c4d51]: IDLE {"metadata":{"emulator":{"name":"functions"},"message":"[worker-api-b9decaf6-70f0-4d26-b7fb-9e11704c4d51]: IDLE"}}
[debug] [2021-04-27T20:23:46.714Z] [work-queue] {"queueLength":0,"workRunningCount":0}
[debug] [2021-04-27T20:24:25.369Z] [work-queue] {"queueLength":1,"workRunningCount":0}
[debug] [2021-04-27T20:24:25.369Z] [work-queue] {"queueLength":0,"workRunningCount":1}
[debug] [2021-04-27T20:24:25.370Z] Accepted request GET /deadline-17bb4/us-central1/api/projects --> api
[debug] [2021-04-27T20:24:25.370Z] [worker-pool] submitWork(triggerId=api) {"metadata":{"emulator":{"name":"functions"},"message":"[worker-pool] submitWork(triggerId=api)"}}
[debug] [2021-04-27T20:24:25.370Z] [worker-api-b9decaf6-70f0-4d26-b7fb-9e11704c4d51]: Assigning socketPath: \\?\pipe\C:\Users\Tvw00\Deadline\functions\1196 {"metadata":{"emulator":{"name":"functions"},"message":"[worker-api-b9decaf6-70f0-4d26-b7fb-9e11704c4d51]: Assigning socketPath: \\\\?\\pipe\\C:\\Users\\Tvw00\\Deadline\\functions\\1196"}}
[debug] [2021-04-27T20:24:25.370Z] [worker-api-b9decaf6-70f0-4d26-b7fb-9e11704c4d51]: BUSY {"metadata":{"emulator":{"name":"functions"},"message":"[worker-api-b9decaf6-70f0-4d26-b7fb-9e11704c4d51]: BUSY"}}
[debug] [2021-04-27T20:24:25.370Z] [runtime-status] [1196] Trigger "api" has been found, beginning invocation! {"metadata":{"emulator":{"name":"functions"},"function":{"name":"api"},"message":"[runtime-status] [1196] Trigger \"api\" has been found, beginning invocation!"}}
[info] i  functions: Beginning execution of "api" {"metadata":{"emulator":{"name":"functions"},"function":{"name":"api"},"message":"Beginning execution of \"api\""}}
[debug] [2021-04-27T20:24:25.371Z] [runtime-status] [1196] triggerDefinition {"httpsTrigger":{},"name":"api","entryPoint":"api"} {"metadata":{"emulator":{"name":"functions"},"function":{"name":"api"},"message":"[runtime-status] [1196] triggerDefinition {\"httpsTrigger\":{},\"name\":\"api\",\"entryPoint\":\"api\"}"}}
[debug] [2021-04-27T20:24:25.371Z] [runtime-status] [1196] Running api in mode HTTPS {"metadata":{"emulator":{"name":"functions"},"function":{"name":"api"},"message":"[runtime-status] [1196] Running api in mode HTTPS"}}
[debug] [2021-04-27T20:24:25.371Z] [runtime-status] [1196] Attempting to listen to socketPath: \\?\pipe\C:\Users\Tvw00\Deadline\functions\1196 {"metadata":{"emulator":{"name":"functions"},"function":{"name":"api"},"message":"[runtime-status] [1196] Attempting to listen to socketPath: \\\\?\\pipe\\C:\\Users\\Tvw00\\Deadline\\functions\\1196"}}
[debug] [2021-04-27T20:24:25.372Z] [functions] Runtime ready! Sending request! {"metadata":{"emulator":{"name":"functions"},"message":"[functions] Runtime ready! Sending request!"}}
[debug] [2021-04-27T20:24:25.372Z] [functions] Got req.url=/deadline-17bb4/us-central1/api/projects, mapping to path=/projects {"metadata":{"emulator":{"name":"functions"},"message":"[functions] Got req.url=/deadline-17bb4/us-central1/api/projects, mapping to path=/projects"}}
[debug] [2021-04-27T20:24:25.373Z] [runtime-status] [1196] Ephemeral server handling GET request {"metadata":{"emulator":{"name":"functions"},"function":{"name":"api"},"message":"[runtime-status] [1196] Ephemeral server handling GET request"}}
[debug] [2021-04-27T20:24:25.373Z] [runtime-status] [1196] Ephemeral server survived. {"metadata":{"emulator":{"name":"functions"},"function":{"name":"api"},"message":"[runtime-status] [1196] Ephemeral server survived."}}
[info] i  functions: Finished "api" in ~1s {"metadata":{"emulator":{"name":"functions"},"function":{"name":"api"},"message":"Finished \"api\" in ~1s"}}
[debug] [2021-04-27T20:24:25.554Z] [worker-api-b9decaf6-70f0-4d26-b7fb-9e11704c4d51]: IDLE {"metadata":{"emulator":{"name":"functions"},"message":"[worker-api-b9decaf6-70f0-4d26-b7fb-9e11704c4d51]: IDLE"}}
[debug] [2021-04-27T20:24:25.554Z] [work-queue] {"queueLength":0,"workRunningCount":0}
